2023-12-04 17:51:34.528 [info] Log level: Info
2023-12-04 17:51:34.528 [info] Validating found git in: "git"
2023-12-04 17:51:34.528 [info] Using git "2.39.3" from "git"
2023-12-04 17:51:34.528 [info] > git rev-parse --show-toplevel [4ms]
2023-12-04 17:51:34.528 [info] fatal: not a git repository (or any parent up to mount point /eecs/home)
Stopping at filesystem boundary (GIT_DISCOVERY_ACROSS_FILESYSTEM not set).
2023-12-04 17:51:36.724 [info] > git rev-parse --show-toplevel [1ms]
2023-12-04 17:51:36.724 [info] fatal: not a git repository (or any parent up to mount point /eecs/home)
Stopping at filesystem boundary (GIT_DISCOVERY_ACROSS_FILESYSTEM not set).
2023-12-04 17:52:31.823 [info] > git rev-parse --show-toplevel [1ms]
2023-12-04 17:52:31.823 [info] fatal: not a git repository (or any parent up to mount point /eecs/home)
Stopping at filesystem boundary (GIT_DISCOVERY_ACROSS_FILESYSTEM not set).
2023-12-04 17:53:29.330 [info] > git rev-parse --show-toplevel [2ms]
2023-12-04 17:53:29.330 [info] fatal: not a git repository (or any parent up to mount point /eecs/home)
Stopping at filesystem boundary (GIT_DISCOVERY_ACROSS_FILESYSTEM not set).
2023-12-04 17:54:37.113 [info] > git rev-parse --show-toplevel [2ms]
2023-12-04 17:54:37.113 [info] fatal: not a git repository (or any parent up to mount point /eecs/home)
Stopping at filesystem boundary (GIT_DISCOVERY_ACROSS_FILESYSTEM not set).
2023-12-04 17:54:42.388 [info] > git rev-parse --show-toplevel [1ms]
2023-12-04 17:54:42.388 [info] fatal: not a git repository (or any parent up to mount point /eecs/home)
Stopping at filesystem boundary (GIT_DISCOVERY_ACROSS_FILESYSTEM not set).
2023-12-04 17:54:45.374 [info] > git rev-parse --show-toplevel [1ms]
2023-12-04 17:54:45.374 [info] fatal: not a git repository (or any parent up to mount point /eecs/home)
Stopping at filesystem boundary (GIT_DISCOVERY_ACROSS_FILESYSTEM not set).
2023-12-04 17:54:57.397 [info] > git rev-parse --show-toplevel [1ms]
2023-12-04 17:54:57.397 [info] fatal: not a git repository (or any parent up to mount point /eecs/home)
Stopping at filesystem boundary (GIT_DISCOVERY_ACROSS_FILESYSTEM not set).
2023-12-04 17:59:58.806 [info] > git rev-parse --show-toplevel [2ms]
2023-12-04 17:59:58.806 [info] fatal: not a git repository (or any parent up to mount point /eecs/home)
Stopping at filesystem boundary (GIT_DISCOVERY_ACROSS_FILESYSTEM not set).
2023-12-04 18:02:53.687 [info] > git rev-parse --show-toplevel [1ms]
2023-12-04 18:02:53.687 [info] fatal: not a git repository (or any parent up to mount point /eecs/home)
Stopping at filesystem boundary (GIT_DISCOVERY_ACROSS_FILESYSTEM not set).
2023-12-04 18:02:55.034 [info] > git rev-parse --show-toplevel [4ms]
2023-12-04 18:02:55.034 [info] fatal: not a git repository (or any parent up to mount point /eecs/home)
Stopping at filesystem boundary (GIT_DISCOVERY_ACROSS_FILESYSTEM not set).
2023-12-04 18:02:56.250 [info] > git rev-parse --show-toplevel [2ms]
2023-12-04 18:02:56.250 [info] fatal: not a git repository (or any parent up to mount point /eecs/home)
Stopping at filesystem boundary (GIT_DISCOVERY_ACROSS_FILESYSTEM not set).
2023-12-04 18:03:10.180 [info] > git rev-parse --show-toplevel [1ms]
2023-12-04 18:03:10.180 [info] fatal: not a git repository (or any parent up to mount point /eecs/home)
Stopping at filesystem boundary (GIT_DISCOVERY_ACROSS_FILESYSTEM not set).
2023-12-04 18:03:27.684 [info] > git rev-parse --show-toplevel [1ms]
2023-12-04 18:03:27.684 [info] fatal: not a git repository (or any parent up to mount point /eecs/home)
Stopping at filesystem boundary (GIT_DISCOVERY_ACROSS_FILESYSTEM not set).
2023-12-04 18:03:29.705 [info] > git rev-parse --show-toplevel [2ms]
2023-12-04 18:03:29.705 [info] fatal: not a git repository (or any parent up to mount point /eecs/home)
Stopping at filesystem boundary (GIT_DISCOVERY_ACROSS_FILESYSTEM not set).
